0 info it worked if it ends with ok
1 verbose cli [ '/usr/bin/node', '/usr/bin/npm', 'run', 'optimize' ]
2 info using npm@3.10.3
3 info using node@v6.7.0
4 verbose run-script [ 'preoptimize', 'optimize', 'postoptimize' ]
5 info lifecycle shya@1.0.0~preoptimize: shya@1.0.0
6 silly lifecycle shya@1.0.0~preoptimize: no script for preoptimize, continuing
7 info lifecycle shya@1.0.0~optimize: shya@1.0.0
8 verbose lifecycle shya@1.0.0~optimize: unsafe-perm in lifecycle true
9 verbose lifecycle shya@1.0.0~optimize: PATH: /usr/lib/node_modules/npm/bin/node-gyp-bin:/home/shyA/node_modules/.bin:/usr/bin:/usr/local/sbin:/usr/local/bin:/usr/sbin:/usr/bin:/sbin:/bin
10 verbose lifecycle shya@1.0.0~optimize: CWD: /home/shyA
11 silly lifecycle shya@1.0.0~optimize: Args: [ '-c',
11 silly lifecycle   'webpack-dev-server --host 0.0.0.0 --port 8080 --progress --config webpack.deploy.config.js' ]
12 silly lifecycle shya@1.0.0~optimize: Returned: code: 1  signal: null
13 info lifecycle shya@1.0.0~optimize: Failed to exec optimize script
14 verbose stack Error: shya@1.0.0 optimize: `webpack-dev-server --host 0.0.0.0 --port 8080 --progress --config webpack.deploy.config.js`
14 verbose stack Exit status 1
14 verbose stack     at EventEmitter.<anonymous> (/usr/lib/node_modules/npm/lib/utils/lifecycle.js:242:16)
14 verbose stack     at emitTwo (events.js:106:13)
14 verbose stack     at EventEmitter.emit (events.js:191:7)
14 verbose stack     at ChildProcess.<anonymous> (/usr/lib/node_modules/npm/lib/utils/spawn.js:40:14)
14 verbose stack     at emitTwo (events.js:106:13)
14 verbose stack     at ChildProcess.emit (events.js:191:7)
14 verbose stack     at maybeClose (internal/child_process.js:877:16)
14 verbose stack     at Process.ChildProcess._handle.onexit (internal/child_process.js:226:5)
15 verbose pkgid shya@1.0.0
16 verbose cwd /home/shyA
17 error Linux 3.10.0-514.2.2.el7.x86_64
18 error argv "/usr/bin/node" "/usr/bin/npm" "run" "optimize"
19 error node v6.7.0
20 error npm  v3.10.3
21 error code ELIFECYCLE
22 error shya@1.0.0 optimize: `webpack-dev-server --host 0.0.0.0 --port 8080 --progress --config webpack.deploy.config.js`
22 error Exit status 1
23 error Failed at the shya@1.0.0 optimize script 'webpack-dev-server --host 0.0.0.0 --port 8080 --progress --config webpack.deploy.config.js'.
23 error Make sure you have the latest version of node.js and npm installed.
23 error If you do, this is most likely a problem with the shya package,
23 error not with npm itself.
23 error Tell the author that this fails on your system:
23 error     webpack-dev-server --host 0.0.0.0 --port 8080 --progress --config webpack.deploy.config.js
23 error You can get information on how to open an issue for this project with:
23 error     npm bugs shya
23 error Or if that isn't available, you can get their info via:
23 error     npm owner ls shya
23 error There is likely additional logging output above.
24 verbose exit [ 1, true ]
